0 info it worked if it ends with ok
1 verbose cli [ '/home/nvm/.nvm/versions/node/v6.12.0/bin/node',
1 verbose cli   '/home/nvm/.nvm/versions/node/v6.12.0/bin/npm',
1 verbose cli   'prune',
1 verbose cli   '--no-save' ]
2 info using npm@3.10.10
3 info using node@v6.12.0
4 verbose config Skipping project config: /app/.npmrc. (matches userconfig)
5 verbose stack Error: Failed to parse json
5 verbose stack Trailing comma in object at 16:1
5 verbose stack }
5 verbose stack ^
5 verbose stack     at parseError (/home/nvm/.nvm/versions/node/v6.12.0/lib/node_modules/npm/node_modules/read-package-json/read-json.js:390:11)
5 verbose stack     at parseJson (/home/nvm/.nvm/versions/node/v6.12.0/lib/node_modules/npm/node_modules/read-package-json/read-json.js:79:23)
5 verbose stack     at /home/nvm/.nvm/versions/node/v6.12.0/lib/node_modules/npm/node_modules/read-package-json/read-json.js:48:5
5 verbose stack     at /home/nvm/.nvm/versions/node/v6.12.0/lib/node_modules/npm/node_modules/graceful-fs/graceful-fs.js:78:16
5 verbose stack     at tryToString (fs.js:457:3)
5 verbose stack     at FSReqWrap.readFileAfterClose [as oncomplete] (fs.js:444:12)
6 verbose cwd /app
7 error Linux 4.4.0-1039-aws
8 error argv "/home/nvm/.nvm/versions/node/v6.12.0/bin/node" "/home/nvm/.nvm/versions/node/v6.12.0/bin/npm" "prune" "--no-save"
9 error node v6.12.0
10 error npm  v3.10.10
11 error file /app/package.json
12 error code EJSONPARSE
13 error Failed to parse json
13 error Trailing comma in object at 16:1
13 error }
13 error ^
14 error File: /app/package.json
15 error Failed to parse package.json data.
15 error package.json must be actual JSON, not just JavaScript.
15 error
15 error This is not a bug in npm.
15 error Tell the package author to fix their package.json file. JSON.parse
16 verbose exit [ 1, true ]
